[    0.000000] Linux version 4.15.0-163-generic (buildd@lcy01-amd64-021) (gcc version 7.5.0 (Ubuntu 7.5.0-3ubuntu1~18.04)) #171-Ubuntu SMP Fri Nov 5 11:55:11 UTC 2021 (Ubuntu 4.15.0-163.171-generic 4.15.18)
[    0.000000] Command line: BOOT_IMAGE=/boot/vmlinuz-4.15.0-163-generic root=LABEL=cloudimg-rootfs ro console=tty1 console=ttyS0
[    0.000000] KERNEL supported cpus:
[    0.000000]   Intel GenuineIntel
[    0.000000]   AMD AuthenticAMD
[    0.000000]   Centaur CentaurHauls
[    0.000000] x86/fpu: x87 FPU will use FXSAVE
[    0.000000] e820: BIOS-provided physical RAM map:
[    0.000000] BIOS-e820: [mem 0x0000000000000000-0x000000000009fbff] usable
[    0.000000] BIOS-e820: [mem 0x000000000009fc00-0x000000000009ffff] reserved
[    0.000000] BIOS-e820: [mem 0x00000000000f0000-0x00000000000fffff] reserved
[    0.000000] BIOS-e820: [mem 0x0000000000100000-0x000000001ffeffff] usable
[    0.000000] BIOS-e820: [mem 0x000000001fff0000-0x000000001fffffff] ACPI data
[    0.000000] BIOS-e820: [mem 0x00000000fec00000-0x00000000fec00fff] reserved
[    0.000000] BIOS-e820: [mem 0x00000000fee00000-0x00000000fee00fff] reserved
[    0.000000] BIOS-e820: [mem 0x00000000fffc0000-0x00000000ffffffff] reserved
[    0.000000] NX (Execute Disable) protection: active
[    0.000000] SMBIOS 2.5 present.
[    0.000000] DMI: innotek GmbH VirtualBox/VirtualBox, BIOS VirtualBox 12/01/2006
[    0.000000] Hypervisor detected: KVM
[    0.000000] e820: last_pfn = 0x1fff0 max_arch_pfn = 0x400000000
[    0.000000] MTRR: Disabled
[    0.000000] x86/PAT: MTRRs disabled, skipping PAT initialization too.
[    0.000000] CPU MTRRs all blank - virtualized system.
[    0.000000] x86/PAT: Configuration [0-7]: WB  WT  UC- UC  WB  WT  UC- UC  
[    0.000000] found SMP MP-table at [mem 0x0009fff0-0x0009ffff]
[    0.000000] Scanning 1 areas for low memory corruption
[    0.000000] RAMDISK: [mem 0x1db72000-0x1ee85fff]
[    0.000000] ACPI: Early table checksum verification disabled
[    0.000000] ACPI: RSDP 0x00000000000E0000 000024 (v02 VBOX  )
[    0.000000] ACPI: XSDT 0x000000001FFF0030 00003C (v01 VBOX   VBOXXSDT 00000001 ASL  00000061)
[    0.000000] ACPI: FACP 0x000000001FFF00F0 0000F4 (v04 VBOX   VBOXFACP 00000001 ASL  00000061)
[    0.000000] ACPI: DSDT 0x000000001FFF0470 002325 (v02 VBOX   VBOXBIOS 00000002 INTL 20100528)
[    0.000000] ACPI: FACS 0x000000001FFF0200 000040
[    0.000000] ACPI: FACS 0x000000001FFF0200 000040
[    0.000000] ACPI: APIC 0x000000001FFF0240 000054 (v02 VBOX   VBOXAPIC 00000001 ASL  00000061)
[    0.000000] ACPI: SSDT 0x000000001FFF02A0 0001CC (v01 VBOX   VBOXCPUT 00000002 INTL 20100528)
[    0.000000] ACPI: Reserving FACP table memory at [mem 0x1fff00f0-0x1fff01e3]
[    0.000000] ACPI: Reserving DSDT table memory at [mem 0x1fff0470-0x1fff2794]
[    0.000000] ACPI: Reserving FACS table memory at [mem 0x1fff0200-0x1fff023f]
[    0.000000] ACPI: Reserving FACS table memory at [mem 0x1fff0200-0x1fff023f]
[    0.000000] ACPI: Reserving APIC table memory at [mem 0x1fff0240-0x1fff0293]
[    0.000000] ACPI: Reserving SSDT table memory at [mem 0x1fff02a0-0x1fff046b]
[    0.000000] No NUMA configuration found
[    0.000000] Faking a node at [mem 0x0000000000000000-0x000000001ffeffff]
[    0.000000] NODE_DATA(0) allocated [mem 0x1ffc5000-0x1ffeffff]
[    0.000000] kvm-clock: cpu 0, msr 0:1ff44001, primary cpu clock
[    0.000000] kvm-clock: Using msrs 4b564d01 and 4b564d00
[    0.000000] kvm-clock: using sched offset of 4885740176 cycles
[    0.000000] clocksource: kvm-clock: mask: 0xffffffffffffffff max_cycles: 0x1cd42e4dffb, max_idle_ns: 881590591483 ns
[    0.000000] Zone ranges:
[    0.000000]   DMA      [mem 0x0000000000001000-0x0000000000ffffff]
[    0.000000]   DMA32    [mem 0x0000000001000000-0x000000001ffeffff]
[    0.000000]   Normal   empty
[    0.000000]   Device   empty
[    0.000000] Movable zone start for each node
[    0.000000] Early memory node ranges
[    0.000000]   node   0: [mem 0x0000000000001000-0x000000000009efff]
[    0.000000]   node   0: [mem 0x0000000000100000-0x000000001ffeffff]
[    0.000000] Reserved but unavailable: 104 pages
[    0.000000] Initmem setup node 0 [mem 0x0000000000001000-0x000000001ffeffff]
[    0.000000] ACPI: PM-Timer IO Port: 0x4008
[    0.000000] IOAPIC[0]: apic_id 1, version 32, address 0xfec00000, GSI 0-23
[    0.000000] ACPI: INT_SRC_OVR (bus 0 bus_irq 0 global_irq 2 dfl dfl)
[    0.000000] ACPI: INT_SRC_OVR (bus 0 bus_irq 9 global_irq 9 low level)
[    0.000000] Using ACPI (MADT) for SMP configuration information
[    0.000000] smpboot: Allowing 1 CPUs, 0 hotplug CPUs
[    0.000000] PM: Registered nosave memory: [mem 0x00000000-0x00000fff]
[    0.000000] PM: Registered nosave memory: [mem 0x0009f000-0x0009ffff]
[    0.000000] PM: Registered nosave memory: [mem 0x000a0000-0x000effff]
[    0.000000] PM: Registered nosave memory: [mem 0x000f0000-0x000fffff]
[    0.000000] e820: [mem 0x20000000-0xfebfffff] available for PCI devices
[    0.000000] Booting paravirtualized kernel on KVM
[    0.000000] clocksource: refined-jiffies: mask: 0xffffffff max_cycles: 0xffffffff, max_idle_ns: 7645519600211568 ns
[    0.000000] random: get_random_bytes called from start_kernel+0x99/0x500 with crng_init=0
[    0.000000] setup_percpu: NR_CPUS:8192 nr_cpumask_bits:1 nr_cpu_ids:1 nr_node_ids:1
[    0.000000] percpu: Embedded 45 pages/cpu s147456 r8192 d28672 u2097152
[    0.000000] PV qspinlock hash table entries: 256 (order: 0, 4096 bytes)
[    0.000000] Built 1 zonelists, mobility grouping on.  Total pages: 128889
[    0.000000] Policy zone: DMA32
[    0.000000] Kernel command line: BOOT_IMAGE=/boot/vmlinuz-4.15.0-163-generic root=LABEL=cloudimg-rootfs ro console=tty1 console=ttyS0
[    0.000000] Memory: 466784K/523832K available (12300K kernel code, 2483K rwdata, 4320K rodata, 2448K init, 2724K bss, 57048K reserved, 0K cma-reserved)
[    0.000000] SLUB: HWalign=64, Order=0-3, MinObjects=0, CPUs=1, Nodes=1
[    0.000000] ftrace: allocating 39476 entries in 155 pages
[    0.004000] Hierarchical RCU implementation.
[    0.004000] 	RCU restricting CPUs from NR_CPUS=8192 to nr_cpu_ids=1.
[    0.004000] 	Tasks RCU enabled.
[    0.004000] RCU: Adjusting geometry for rcu_fanout_leaf=16, nr_cpu_ids=1
[    0.004000] NR_IRQS: 524544, nr_irqs: 256, preallocated irqs: 16
[    0.004000] Console: colour VGA+ 80x25
[    0.004000] console [tty1] enabled
[    0.004000] console [ttyS0] enabled
[    0.004000] ACPI: Core revision 20170831
[    0.004000] ACPI: 2 ACPI AML tables successfully acquired and loaded
[    0.004000] APIC: Switch to symmetric I/O mode setup
[    0.008000] ..TIMER: vector=0x30 apic1=0 pin1=2 apic2=-1 pin2=-1
[    0.008007] tsc: Detected 2112.006 MHz processor
[    0.012010] Calibrating delay loop (skipped) preset value.. 4224.01 BogoMIPS (lpj=8448024)
[    0.016015] pid_max: default: 32768 minimum: 301
[    0.020076] Security Framework initialized
[    0.024006] Yama: becoming mindful.
[    0.028025] AppArmor: AppArmor initialized
[    0.031163] Dentry cache hash table entries: 65536 (order: 7, 524288 bytes)
[    0.032060] Inode-cache hash table entries: 32768 (order: 6, 262144 bytes)
[    0.036025] Mount-cache hash table entries: 1024 (order: 1, 8192 bytes)
[    0.040006] Mountpoint-cache hash table entries: 1024 (order: 1, 8192 bytes)
[    0.048847] Last level iTLB entries: 4KB 64, 2MB 8, 4MB 8
[    0.052004] Last level dTLB entries: 4KB 64, 2MB 0, 4MB 0, 1GB 4
[    0.056004] Spectre V1 : Mitigation: usercopy/swapgs barriers and __user pointer sanitization
[    0.060007] Spectre V2 : Mitigation: Enhanced IBRS
[    0.064002] Spectre V2 : Spectre v2 / SpectreRSB mitigation: Filling RSB on context switch
[    0.068003] Speculative Store Bypass: Vulnerable
[    0.080000] Freeing SMP alternatives memory: 36K
[    0.192328] smpboot: CPU0: Intel(R) Core(TM) i5-10210U CPU @ 1.60GHz (family: 0x6, model: 0x8e, stepping: 0xc)
[    0.196107] Performance Events: unsupported p6 CPU model 142 no PMU driver, software events only.
[    0.200057] Hierarchical SRCU implementation.
[    0.204514] NMI watchdog: Perf event create on CPU 0 failed with -2
[    0.208002] NMI watchdog: Perf NMI watchdog permanently disabled
[    0.212050] smp: Bringing up secondary CPUs ...
[    0.216008] smp: Brought up 1 node, 1 CPU
[    0.220003] smpboot: Max logical packages: 1
[    0.224003] smpboot: Total of 1 processors activated (4224.01 BogoMIPS)
[    0.228108] devtmpfs: initialized
[    0.232148] x86/mm: Memory block size: 128MB
[    0.236108] evm: security.selinux
[    0.238426] evm: security.SMACK64
[    0.240004] evm: security.SMACK64EXEC
[    0.244002] evm: security.SMACK64TRANSMUTE
[    0.246938] evm: security.SMACK64MMAP
[    0.248006] evm: security.apparmor
[    0.252002] evm: security.ima
[    0.254070] evm: security.capability
[    0.256114] clocksource: jiffies: mask: 0xffffffff max_cycles: 0xffffffff, max_idle_ns: 7645041785100000 ns
[    0.260049] futex hash table entries: 256 (order: 2, 16384 bytes)
[    0.264043] pinctrl core: initialized pinctrl subsystem
[    0.272003] RTC time: 11:36:27, date: 02/07/22
[    0.275525] NET: Registered protocol family 16
[    0.276084] audit: initializing netlink subsys (disabled)
[    0.280190] cpuidle: using governor ladder
[    0.284008] audit: type=2000 audit(1644233793.560:1): state=initialized audit_enabled=0 res=1
[    0.288016] cpuidle: using governor menu
[    0.290953] ACPI: bus type PCI registered
[    0.292003] acpiphp: ACPI Hot Plug PCI Controller Driver version: 0.5
[    0.296293] PCI: Using configuration type 1 for base access
[    0.304981] HugeTLB registered 2.00 MiB page size, pre-allocated 0 pages
[    0.308180] ACPI: Added _OSI(Module Device)
[    0.311259] ACPI: Added _OSI(Processor Device)
[    0.312021] ACPI: Added _OSI(3.0 _SCP Extensions)
[    0.316007] ACPI: Added _OSI(Processor Aggregator Device)
[    0.320030] ACPI: Added _OSI(Linux-Dell-Video)
[    0.323289] ACPI: Added _OSI(Linux-Lenovo-NV-HDMI-Audio)
[    0.324063] ACPI: Added _OSI(Linux-HPI-Hybrid-Graphics)
[    0.328724] ACPI: Executed 1 blocks of module-level executable AML code
[    0.338181] ACPI: Interpreter enabled
[    0.340028] ACPI: (supports S0 S5)
[    0.343167] ACPI: Using IOAPIC for interrupt routing
[    0.344404] PCI: Using host bridge windows from ACPI; if necessary, use "pci=nocrs" and report a bug
[    0.348344] ACPI: Enabled 2 GPEs in block 00 to 07
[    0.364750] ACPI: PCI Root Bridge [PCI0] (domain 0000 [bus 00-ff])
[    0.368018] acpi PNP0A03:00: _OSC: OS supports [ASPM ClockPM Segments MSI]
[    0.372960] acpi PNP0A03:00: _OSC: not requesting OS control; OS requires [ExtendedConfig ASPM ClockPM MSI]
[    0.376023] acpi PNP0A03:00: fail to add MMCONFIG information, can't access extended PCI configuration space under this bridge.
[    0.380736] PCI host bridge to bus 0000:00
[    0.384012] pci_bus 0000:00: root bus resource [io  0x0000-0x0cf7 window]
[    0.388005] pci_bus 0000:00: root bus resource [io  0x0d00-0xffff window]
[    0.392005] pci_bus 0000:00: root bus resource [mem 0x000a0000-0x000bffff window]
[    0.396012] pci_bus 0000:00: root bus resource [mem 0x20000000-0xfdffffff window]
[    0.400004] pci_bus 0000:00: root bus resource [bus 00-ff]
[    0.412436] pci 0000:00:01.1: legacy IDE quirk: reg 0x10: [io  0x01f0-0x01f7]
[    0.416006] pci 0000:00:01.1: legacy IDE quirk: reg 0x14: [io  0x03f6]
[    0.420003] pci 0000:00:01.1: legacy IDE quirk: reg 0x18: [io  0x0170-0x0177]
[    0.424010] pci 0000:00:01.1: legacy IDE quirk: reg 0x1c: [io  0x0376]
[    0.504681] pci 0000:00:07.0: quirk: [io  0x4000-0x403f] claimed by PIIX4 ACPI
[    0.508043] pci 0000:00:07.0: quirk: [io  0x4100-0x410f] claimed by PIIX4 SMB
[    0.526125] ACPI: PCI Interrupt Link [LNKA] (IRQs 5 9 10 *11)
[    0.532549] ACPI: PCI Interrupt Link [LNKB] (IRQs 5 9 *10 11)
[    0.536214] ACPI: PCI Interrupt Link [LNKC] (IRQs 5 *9 10 11)
[    0.540218] ACPI: PCI Interrupt Link [LNKD] (IRQs 5 9 10 *11)
[    0.548421] SCSI subsystem initialized
[    0.552094] pci 0000:00:02.0: vgaarb: setting as boot VGA device
[    0.556000] pci 0000:00:02.0: vgaarb: VGA device added: decodes=io+mem,owns=io+mem,locks=none
[    0.556012] pci 0000:00:02.0: vgaarb: bridge control possible
[    0.560011] vgaarb: loaded
[    0.564055] ACPI: bus type USB registered
[    0.568020] usbcore: registered new interface driver usbfs
[    0.572131] usbcore: registered new interface driver hub
[    0.576020] usbcore: registered new device driver usb
[    0.580061] EDAC MC: Ver: 3.0.0
[    0.584528] PCI: Using ACPI for IRQ routing
[    0.592377] NetLabel: Initializing
[    0.596004] NetLabel:  domain hash size = 128
[    0.598879] NetLabel:  protocols = UNLABELED CIPSOv4 CALIPSO
[    0.600021] NetLabel:  unlabeled traffic allowed by default
[    0.604142] clocksource: Switched to clocksource kvm-clock
[    0.662497] VFS: Disk quotas dquot_6.6.0
[    0.666214] VFS: Dquot-cache hash table entries: 512 (order 0, 4096 bytes)
[    0.674064] AppArmor: AppArmor Filesystem Enabled
[    0.678004] pnp: PnP ACPI init
[    0.682201] pnp: PnP ACPI: found 3 devices
[    0.695019] clocksource: acpi_pm: mask: 0xffffff max_cycles: 0xffffff, max_idle_ns: 2085701024 ns
[    0.702169] NET: Registered protocol family 2
[    0.707404] IP idents hash table entries: 8192 (order: 4, 65536 bytes)
[    0.713019] TCP established hash table entries: 4096 (order: 3, 32768 bytes)
[    0.718789] TCP bind hash table entries: 4096 (order: 4, 65536 bytes)
[    0.725857] TCP: Hash tables configured (established 4096 bind 4096)
[    0.732320] UDP hash table entries: 256 (order: 1, 8192 bytes)
[    0.736962] UDP-Lite hash table entries: 256 (order: 1, 8192 bytes)
[    0.743389] NET: Registered protocol family 1
[    0.747127] pci 0000:00:00.0: Limiting direct PCI/PCI transfers
[    0.751260] pci 0000:00:01.0: Activating ISA DMA hang workarounds
[    0.757046] pci 0000:00:02.0: Video device with shadowed ROM at [mem 0x000c0000-0x000dffff]
[    0.763534] Unpacking initramfs...
[    1.386131] Freeing initrd memory: 19536K
[    1.392004] clocksource: tsc: mask: 0xffffffffffffffff max_cycles: 0x1e717e40680, max_idle_ns: 440795297614 ns
[    1.400329] platform rtc_cmos: registered platform RTC device (no PNP device found)
[    1.407108] Scanning for low memory corruption every 60 seconds
[    1.412852] Initialise system trusted keyrings
[    1.416692] Key type blacklist registered
[    1.420506] workingset: timestamp_bits=36 max_order=17 bucket_order=0
[    1.429018] zbud: loaded
[    1.431812] squashfs: version 4.0 (2009/01/31) Phillip Lougher
[    1.436737] fuse init (API version 7.26)
[    1.443289] Key type asymmetric registered
[    1.446645] Asymmetric key parser 'x509' registered
[    1.450140] Block layer SCSI generic (bsg) driver version 0.4 loaded (major 246)
[    1.455781] io scheduler noop registered
[    1.460631] io scheduler deadline registered
[    1.463777] io scheduler cfq registered (default)
[    1.467849] ACPI: AC Adapter [AC] (on-line)
[    1.470859] input: Power Button as /devices/LNXSYSTM:00/LNXPWRBN:00/input/input0
[    1.477992] ACPI: Power Button [PWRF]
[    1.480994] input: Sleep Button as /devices/LNXSYSTM:00/LNXSLPBN:00/input/input1
[    1.486792] ACPI: Sleep Button [SLPF]
[    1.492621] ACPI: Battery Slot [BAT0] (battery present)
[    1.496362] Serial: 8250/16550 driver, 32 ports, IRQ sharing enabled
[    1.532475] 00:02: ttyS0 at I/O 0x3f8 (irq = 4, base_baud = 115200) is a 16550A
[    1.543244] Linux agpgart interface v0.103
[    1.552833] loop: module loaded
[    1.558524] scsi host0: ata_piix
[    1.561417] scsi host1: ata_piix
[    1.563880] ata1: PATA max UDMA/33 cmd 0x1f0 ctl 0x3f6 bmdma 0xd000 irq 14
[    1.569345] ata2: PATA max UDMA/33 cmd 0x170 ctl 0x376 bmdma 0xd008 irq 15
[    1.577785] libphy: Fixed MDIO Bus: probed
[    1.580919] tun: Universal TUN/TAP device driver, 1.6
[    1.584483] PPP generic driver version 2.4.2
[    1.587454] ehci_hcd: USB 2.0 'Enhanced' Host Controller (EHCI) Driver
[    1.593847] ehci-pci: EHCI PCI platform driver
[    1.597328] ehci-platform: EHCI generic platform driver
[    1.600919] ohci_hcd: USB 1.1 'Open' Host Controller (OHCI) Driver
[    1.605207] ohci-pci: OHCI PCI platform driver
[    1.610141] ohci-platform: OHCI generic platform driver
[    1.614219] uhci_hcd: USB Universal Host Controller Interface driver
[    1.619341] i8042: PNP: PS/2 Controller [PNP0303:PS2K,PNP0f03:PS2M] at 0x60,0x64 irq 1,12
[    1.630231] serio: i8042 KBD port at 0x60,0x64 irq 1
[    1.633991] serio: i8042 AUX port at 0x60,0x64 irq 12
[    1.637799] mousedev: PS/2 mouse device common for all mice
[    1.644553] input: AT Translated Set 2 keyboard as /devices/platform/i8042/serio0/input/input2
[    1.652275] rtc_cmos rtc_cmos: rtc core: registered rtc_cmos as rtc0
[    1.659756] rtc_cmos rtc_cmos: alarms up to one day, 114 bytes nvram
[    1.664684] i2c /dev entries driver
[    1.667386] device-mapper: uevent: version 1.0.3
[    1.671146] device-mapper: ioctl: 4.37.0-ioctl (2017-09-20) initialised: dm-devel@redhat.com
[    1.678238] ledtrig-cpu: registered to indicate activity on CPUs
[    1.682720] NET: Registered protocol family 10
[    1.692144] Segment Routing with IPv6
[    1.696083] NET: Registered protocol family 17
[    1.700013] Key type dns_resolver registered
[    1.703274] mce: Using 0 MCE banks
[    1.707038] RAS: Correctable Errors collector initialized.
[    1.711971] sched_clock: Marking stable (1711918316, 0)->(2571318033, -859399717)
[    1.717582] registered taskstats version 1
[    1.721162] Loading compiled-in X.509 certificates
[    1.728316] Loaded X.509 cert 'Build time autogenerated kernel key: f60a4c8d126e94dbf36c5faa43fb49029eeea9a9'
[    1.735486] Loaded X.509 cert 'Canonical Ltd. Live Patch Signing: 14df34d1a87cf37625abec039ef2bf521249b969'
[    1.798481] Loaded X.509 cert 'Canonical Ltd. Kernel Module Signing: 88f752e560a1e0737e31163a466ad7b70a850c19'
[    1.808242] zswap: loaded using pool lzo/zbud
[    1.815420] Key type big_key registered
[    1.818693] Key type trusted registered
[    1.825165] Key type encrypted registered
[    1.828684] AppArmor: AppArmor sha1 policy hashing enabled
[    1.832818] ima: No TPM chip found, activating TPM-bypass! (rc=-19)
[    1.837809] ima: Allocated hash algorithm: sha1
[    1.842548] evm: HMAC attrs: 0x1
[    1.846591]   Magic number: 10:247:630
[    1.852498] rtc_cmos rtc_cmos: setting system clock to 2022-02-07 11:36:29 UTC (1644233789)
[    1.863318] BIOS EDD facility v0.16 2004-Jun-25, 0 devices found
[    1.869121] EDD information not available.
[    1.879029] Freeing unused kernel image memory: 2448K
[    1.888413] Write protecting the kernel read-only data: 20480k
[    1.896097] Freeing unused kernel image memory: 2008K
[    1.901758] Freeing unused kernel image memory: 1824K
[    1.918333] x86/mm: Checked W+X mappings: passed, no W+X pages found.
Loading, please wait...
starting version 237
[    2.061469] Fusion MPT base driver 3.04.20
[    2.064849] Copyright (c) 1999-2008 LSI Corporation
[    2.070304] e1000: Intel(R) PRO/1000 Network Driver - version 7.3.21-k8-NAPI
[    2.077609] e1000: Copyright (c) 1999-2006 Intel Corporation.
[    2.138308] Fusion MPT SPI Host driver 3.04.20
[    2.356283] input: ImExPS/2 Generic Explorer Mouse as /devices/platform/i8042/serio1/input/input4
[    2.873969] e1000 0000:00:03.0 eth0: (PCI:33MHz:32-bit) 02:29:e0:c3:be:94
[    2.880845] e1000 0000:00:03.0 eth0: Intel(R) PRO/1000 Network Connection
[    2.888906] e1000 0000:00:03.0 enp0s3: renamed from eth0
[    2.896068] mptbase: ioc0: Initiating bringup
[    2.999640] ioc0: LSI53C1030 A0: Capabilities={Initiator}
[    3.265019] scsi host2: ioc0: LSI53C1030 A0, FwRev=00000000h, Ports=1, MaxQ=256, IRQ=20
[    3.442483] scsi 2:0:0:0: Direct-Access     VBOX     HARDDISK         1.0  PQ: 0 ANSI: 5
[    3.451427] scsi target2:0:0: Beginning Domain Validation
[    3.458431] random: fast init done
[    3.466184] scsi target2:0:0: Domain Validation skipping write tests
[    3.471639] scsi target2:0:0: Ending Domain Validation
[    3.477138] scsi target2:0:0: asynchronous
[    3.482100] scsi 2:0:1:0: Direct-Access     VBOX     HARDDISK         1.0  PQ: 0 ANSI: 5
[    3.488496] scsi target2:0:1: Beginning Domain Validation
[    3.502009] scsi target2:0:1: Domain Validation skipping write tests
[    3.508133] scsi target2:0:1: Ending Domain Validation
[    3.513342] scsi target2:0:1: asynchronous
[    3.529027] random: systemd-udevd: uninitialized urandom read (16 bytes read)
[    3.534580] sd 2:0:0:0: Attached scsi generic sg0 type 0
[    3.539028] random: systemd-udevd: uninitialized urandom read (16 bytes read)
[    3.546293] sd 2:0:0:0: [sda] 83886080 512-byte logical blocks: (42.9 GB/40.0 GiB)
[    3.553124] sd 2:0:1:0: Attached scsi generic sg1 type 0
[    3.560017] sd 2:0:0:0: [sda] Write Protect is off
[    3.564233] sd 2:0:1:0: [sdb] 20480 512-byte logical blocks: (10.5 MB/10.0 MiB)
[    3.569368] random: systemd-udevd: uninitialized urandom read (16 bytes read)
[    3.576582] sd 2:0:1:0: [sdb] Write Protect is off
[    3.580710] sd 2:0:0:0: [sda] Incomplete mode parameter data
[    3.584896] sd 2:0:0:0: [sda] Assuming drive cache: write through
[    3.590628] sd 2:0:1:0: [sdb] Incomplete mode parameter data
[    3.596193] sd 2:0:1:0: [sdb] Assuming drive cache: write through
[    3.604477]  sda: sda1
[    3.610359] sd 2:0:0:0: [sda] Attached SCSI disk
[    3.616945] sd 2:0:1:0: [sdb] Attached SCSI disk
Begin: Loading essential drivers ... [    5.880105] raid6: sse2x1   gen()  9779 MB/s
[    5.932214] raid6: sse2x1   xor()  5702 MB/s
[    5.996209] raid6: sse2x2   gen() 13463 MB/s
[    6.048493] raid6: sse2x2   xor()  7695 MB/s
[    6.113256] raid6: sse2x4   gen() 15137 MB/s
[    6.168061] raid6: sse2x4   xor()  7091 MB/s
[    6.172159] raid6: using algorithm sse2x4 gen() 15137 MB/s
[    6.177695] raid6: .... xor() 7091 MB/s, rmw enabled
[    6.183172] raid6: using ssse3x2 recovery algorithm
[    6.189001] xor: measuring software checksum speed
[    6.296399]    prefetch64-sse: 55626.000 MB/sec
[    6.400890]    generic_sse: 50197.000 MB/sec
[    6.404806] xor: using function: prefetch64-sse (55626.000 MB/sec)
[    6.412424] async_tx: api initialized (async)
done.
Begin: Running /scripts/init-premount ... done.
Begin: Mounting root file system ... Begin: Running /scripts/local-top ... done.
Begin: Running /scripts/local-premount ... [    6.491280] Btrfs loaded, crc32c=crc32c-intel
Scanning for Btrfs filesystems
done.
Warning: fsck not present, so skipping root file system
[    6.552440] EXT4-fs (sda1): mounted filesystem with ordered data mode. Opts: (null)
done.
Begin: Running /scripts/local-bottom ... done.
Begin: Running /scripts/init-bottom ... done.
[    6.784216] ip_tables: (C) 2000-2006 Netfilter Core Team
[    6.806542] systemd[1]: systemd 237 running in system mode. (+PAM +AUDIT +SELINUX +IMA +APPARMOR +SMACK +SYSVINIT +UTMP +LIBCRYPTSETUP +GCRYPT +GNUTLS +ACL +XZ +LZ4 +SECCOMP +BLKID +ELFUTILS +KMOD -IDN2 +IDN -PCRE2 default-hierarchy=hybrid)
[    6.823290] systemd[1]: Detected virtualization oracle.
[    6.828014] systemd[1]: Detected architecture x86-64.

Welcome to [1mUbuntu 18.04.6 LTS[0m!

[    6.842864] systemd[1]: Set hostname to <ubuntu>.
[    6.855421] systemd[1]: Initializing machine ID from random generator.
[    6.860160] systemd[1]: Installed transient /etc/machine-id file.
[    7.253346] systemd[1]: Created slice System Slice.
[[0;32m  OK  [0m] Created slice System Slice.
[    7.261440] systemd[1]: Listening on Journal Socket (/dev/log).
[[0;32m  OK  [0m] Listening on Journal Socket (/dev/log).
[    7.270837] systemd[1]: Listening on LVM2 metadata daemon socket.
[[0;32m  OK  [0m] Listening on LVM2 metadata daemon socket.
[    7.280006] systemd[1]: Listening on udev Control Socket.
[[0;32m  OK  [0m] Listening on udev Control Socket.
[[0;32m  OK  [0m] Listening on Journal Audit Socket.
[[0;32m  OK  [0m] Started Forward Password Requests to Wall Directory Watch.
[[0;32m  OK  [0m] Listening on LVM2 poll daemon socket.
[[0;32m  OK  [0m] Set up automount Arbitrary Executab…rmats File System Automount Point.
[[0;32m  OK  [0m] Listening on Device-mapper event daemon FIFOs.
[[0;32m  OK  [0m] Listening on Syslog Socket.
[[0;32m  OK  [0m] Listening on udev Kernel Socket.
[[0;32m  OK  [0m] Listening on Journal Socket.
         Starting Monitoring of LVM2 mirrors…ng dmeventd or progress polling...
         Starting udev Coldplug all Devices...
         Starting Uncomplicated firewall...
         Mounting Kernel Debug File System...
         Mounting POSIX Message Queue File System...
         Starting Journal Service...
[[0;32m  OK  [0m] Reached target Swap.
[[0;32m  OK  [0m] Reached target User and Group Name Lookups.
[[0;32m  OK  [0m] Reached target System Time Synchronized.
[[0;32m  OK  [0m] Listening on /dev/initctl Compatibility Named Pipe.
         Starting Set the console keyboard layout...
[[0;32m  OK  [0m] Listening on Network Service Netlink Socket.
[[0;32m  OK  [0m] Created slice system-serial\x2dgetty.slice.
         Starting Create list of required st…ce nodes for the current kernel...
         Mounting Huge Pages File System...
         Starting Load Kernel Modules...
[[0;32m  OK  [0m] Created slice User and Session Slice.
[[0;32m  OK  [0m] Reached target Slices.
[[0;32m  OK  [0m] Listening on fsck to fsckd communication Socket.
[    7.516993] Loading iSCSI transport class v2.0-870.
         Starting File System Check on Root Device...
[[0;32m  OK  [0m] Started Journal Service.
[[0;32m  OK  [0m] Started Uncomplicated firewall.
[[0;32m  OK  [0m] Mounted Kernel Debug File System.
[[0;32m  OK  [0m] Mounted POSIX Message Queue File System.
[    7.573651] iscsi: registered transport (tcp)
[[0;32m  OK  [0m] Started Create list of required sta…vice nodes for the current kernel.
[[0;32m  OK  [0m] Mounted Huge Pages File System.
[[0;32m  OK  [0m] Started File System Check Daemon to report status.
[[0;32m  OK  [0m] Started LVM2 metadata daemon.
         Starting Create Static Device Nodes in /dev...
[[0;32m  OK  [0m] Started udev Coldplug all Devices.
[[0;32m  OK  [0m] Started Create Static Device Nodes in /dev.
[[0;32m  OK  [0m] Started File System Check on Root Device.
         Starting Remount Root and Kernel File Systems...
[    7.745473] iscsi: registered transport (iser)
[[0;32m  OK  [0m] Started Load Kernel Modules.
         Mounting FUSE Control File System...
         Starting Apply Kernel Variables...
         Mounting Kernel Configuration File System...[    7.782850] EXT4-fs (sda1): re-mounted. Opts: (null)

[[0;32m  OK  [0m] Mounted FUSE Control File System.
[[0;32m  OK  [0m] Mounted Kernel Configuration File System.
[[0;32m  OK  [0m] Started Remount Root and Kernel File Systems.
         Starting Load/Save Random Seed...
         Starting udev Kernel Device Manager...
         Starting Flush Journal to Persistent Storage...
[[0;32m  OK  [0m] Started Monitoring of LVM2 mirrors,…sing dmeventd or progress polling.
[[0;32m  OK  [0m] Started Load/Save Random Seed.
[[0;32m  OK  [0m] Started Apply Kernel Variables.
[[0;32m  OK  [0m] Started udev Kernel Device Manager.
[[0;32m  OK  [0m] Started Flush Journal to Persistent Storage.
[[0;32m  OK  [0m] Found device /dev/ttyS0.
[[0;32m  OK  [0m] Listening on Load/Save RF Kill Switch Status /dev/rfkill Watch.
[[0;32m  OK  [0m] Started Set the console keyboard layout.
[[0;32m  OK  [0m] Reached target Local File Systems (Pre).
[[0;32m  OK  [0m] Reached target Local File Systems.
         Starting ebtables ruleset management...
         Starting Tell Plymouth To Write Out Runtime Data...
         Starting AppArmor initialization...
         Starting Commit a transient machine-id on disk...
         Starting Create Volatile Files and Directories...
         Starting Set console font and keymap...
[[0;32m  OK  [0m] Started Dispatch Password Requests to Console Directory Watch.
[[0;32m  OK  [0m] Reached target Local Encrypted Volumes.
[[0;32m  OK  [0m] Started Tell Plymouth To Write Out Runtime Data.
[[0;32m  OK  [0m] Started Commit a transient machine-id on disk.
[[0;32m  OK  [0m] Started Create Volatile Files and Directories.
         Starting Update UTMP about System Boot/Shutdown...
[[0;32m  OK  [0m] Started Update UTMP about System Boot/Shutdown.
[[0;32m  OK  [0m] Started ebtables ruleset management.
[[0;32m  OK  [0m] Started AppArmor initialization.
         Starting Load AppArmor profiles managed internally by snapd...
         Starting Initial cloud-init job (pre-networking)...
[[0;32m  OK  [0m] Started Load AppArmor profiles managed internally by snapd.
[[0;32m  OK  [0m] Started Set console font and keymap.
[   14.148099] cloud-init[755]: Cloud-init v. 21.4-0ubuntu1~18.04.1 running 'init-local' at Mon, 07 Feb 2022 11:36:41 +0000. Up 13.59 seconds.
[[0;32m  OK  [0m] Started Initial cloud-init job (pre-networking).
[[0;32m  OK  [0m] Reached target Network (Pre).
         Starting Network Service...
[[0;32m  OK  [0m] Started Network Service.
         Starting Network Name Resolution...
         Starting Wait for Network to be Configured...
[[0;32m  OK  [0m] Started Network Name Resolution.
[[0;32m  OK  [0m] Reached target Host and Network Name Lookups.
[[0;32m  OK  [0m] Reached target Network.
[[0;32m  OK  [0m] Started Wait for Network to be Configured.
         Starting Initial cloud-init job (metadata service crawler)...
[   16.481490] cloud-init[886]: Cloud-init v. 21.4-0ubuntu1~18.04.1 running 'init' at Mon, 07 Feb 2022 11:36:43 +0000. Up 16.30 seconds.
[   16.495493] cloud-init[886]: ci-info: ++++++++++++++++++++++++++++++++++++++Net device info++++++++++++++++++++++++++++++++++++++
[   16.501314] cloud-init[886]: ci-info: +--------+------+----------------------------+---------------+--------+-------------------+
[   16.515820] cloud-init[886]: ci-info: | Device |  Up  |          Address           |      Mask     | Scope  |     Hw-Address    |
[   16.531991] cloud-init[886]: ci-info: +--------+------+----------------------------+---------------+--------+-------------------+
[   16.543797] cloud-init[886]: ci-info: | enp0s3 | True |         10.0.2.15          | 255.255.255.0 | global | 02:29:e0:c3:be:94 |
[   16.559694] cloud-init[886]: ci-info: | enp0s3 | True | fe80::29:e0ff:fec3:be94/64 |       .       |  link  | 02:29:e0:c3:be:94 |
[   16.574357] cloud-init[886]: ci-info: |   lo   | True |         127.0.0.1          |   255.0.0.0   |  host  |         .         |
[   16.583409] cloud-init[886]: ci-info: |   lo   | True |          ::1/128           |       .       |  host  |         .         |
[   16.601841] cloud-init[886]: ci-info: +--------+------+----------------------------+---------------+--------+-------------------+
[   16.614677] cloud-init[886]: ci-info: ++++++++++++++++++++++++++++Route IPv4 info+++++++++++++++++++++++++++++
[   16.624804] cloud-init[886]: ci-info: +-------+-------------+----------+-----------------+-----------+-------+
[   16.637787] cloud-init[886]: ci-info: | Route | Destination | Gateway  |     Genmask     | Interface | Flags |
[   16.652289] cloud-init[886]: ci-info: +-------+-------------+----------+-----------------+-----------+-------+
[   16.662652] cloud-init[886]: ci-info: |   0   |   0.0.0.0   | 10.0.2.2 |     0.0.0.0     |   enp0s3  |   UG  |
[   16.670306] cloud-init[886]: ci-info: |   1   |   10.0.2.0  | 0.0.0.0  |  255.255.255.0  |   enp0s3  |   U   |
[   16.679615] cloud-init[886]: ci-info: |   2   |   10.0.2.2  | 0.0.0.0  | 255.255.255.255 |   enp0s3  |   UH  |
[   16.691276] cloud-init[886]: ci-info: +-------+-------------+----------+-----------------+-----------+-------+
[   16.703454] cloud-init[886]: ci-info: +++++++++++++++++++Route IPv6 info+++++++++++++++++++
[   16.714385] cloud-init[886]: ci-info: +-------+-------------+---------+-----------+-------+
[   16.725390] cloud-init[886]: ci-info: | Route | Destination | Gateway | Interface | Flags |
[   16.736045] cloud-init[886]: ci-info: +-------+-------------+---------+-----------+-------+
[   16.748441] cloud-init[886]: ci-info: |   1   |  fe80::/64  |    ::   |   enp0s3  |   U   |
[   16.760652] cloud-init[886]: ci-info: |   3   |    local    |    ::   |   enp0s3  |   U   |
[   16.771323] cloud-init[886]: ci-info: |   4   |   ff00::/8  |    ::   |   enp0s3  |   U   |
[   16.778459] cloud-init[886]: ci-info: +-------+-------------+---------+-----------+-------+
[   17.861387] cloud-init[886]: Generating public/private rsa key pair.
[   17.881516] cloud-init[886]: Your identification has been saved in /etc/ssh/ssh_host_rsa_key.
[   17.888765] cloud-init[886]: Your public key has been saved in /etc/ssh/ssh_host_rsa_key.pub.
[   17.910481] cloud-init[886]: The key fingerprint is:
[   17.915567] cloud-init[886]: SHA256:Jkw/EHL6g6yy/QwMnNSSilAC7bRp8jawe6TtPmVjeCA root@ubuntu-bionic
[   17.920646] cloud-init[886]: The key's randomart image is:
[   17.942957] cloud-init[886]: +---[RSA 2048]----+
[   17.948255] cloud-init[886]: |+.. . o          |
[   17.964338] cloud-init[886]: | o=  + .         |
[   17.969071] cloud-init[886]: |.* +. o          |
[   17.974726] cloud-init[886]: |E O. = o         |
[   17.989243] cloud-init[886]: |+X oo = S        |
[   18.011977] cloud-init[886]: |.o*.*  + .       |
[   18.025442] cloud-init[886]: |.*+* .           |
[   18.030479] cloud-init[[0;32m  OK  [0m] Started Initial cloud-init job (metadata service crawler).[886]: |o++o             |
[   18.039259] 
[[0;32m  OK  [0m] Reached target Network is Online.
cloud-init[886]: |.++oo            |
[[0;32m  OK  [0m] Reached target Remote File Systems (Pre).
[[0;32m  OK  [0m[   18.064943] cloud-init[886]: +----[SHA256]-----+
] Reached target Remote File Systems.
         Starting Availability of block devices...
[[0;32m  OK  [0m[   18.080733] cloud-init[886]: Generating public/private dsa key pair.
] Reached target System Initialization.[   18.095602] 
[[0;32m  OK  [0mcloud-init[886]: Your identification has been saved in /etc/ssh/ssh_host_dsa_key.] Listening on ACPID Listen Socket.
[[0;32m  OK  [0m] Started Daily Cleanup of Temporary Directories.

[   18.117667] cloud-init[886]: Your public key has been saved in /etc/ssh/ssh_host_dsa_key.pub.[[0;32m  OK  [0m] Started Ubuntu Advantage Timer for running repeated jobs.
[   18.130443] cloud-init[886]: 
[[0;32m  OK  [0m] Listening on Open-iSCSI iscsid Socket.The key fingerprint is:
[   18.138422] cloud-init
[886]: SHA256:BKaukonhsPyINM3BO/L3zveXhIKg9KdsfrIYu9cgang root@ubuntu-bionic
[   18.146429] cloud-init[886]: The key's randomart image is:
[   18.150158] cloud-init[886]: +---[DSA 1024]----+
[   18.153566] cloud-init[886]: |      o          |         Starting LXD - unix socket.

[   18.163156] cloud-init[[0;32m  OK  [0m] Listening on UUID daemon activation socket.
[886]: |     o .         |
[   18.178684] cloud-init[886]: [[0;32m  OK  [0m] Listening on cloud-init hotplug hook socket.
[[0;32m  OK  [0m] Listening on D-Bus System Message Bus Socket.
         |    .   .        |
Starting Socket activation for snappy daemon.
[[0;32m  OK  [0m] [   18.201921] cloud-init[886]: Started Message of the Day.
[|  .o . .         |
[0;32m  OK  [0m] Started Discard unused blocks once a week.[   18.220822] cloud-init[886]: 
|o .o+ . S   .    |
[   18.232563] cloud-init[886]: |==o+oo o . . .   |
[[0;32m  OK  [0m] Started ACPI Events Check.
[   18.244642] cloud-init[886]: |B*o*o =   . . .  |
[[0;32m  OK  [0m] Started Trigger to poll for Ubuntu …(Only enabled on GCP LTS non-pro).[   18.253517] cloud-init[886]: |++E =B.o .   o   |
[[0;32m  OK  [0m
[   18.261900] cloud-init[886]: |oo **o*+. ...    |] Reached target Paths.
[[0;32m  OK  [0m] 
[   18.269317] cloud-init[886]: +----[SHA256]-----+Started Daily apt download activities.
[
[   18.277591] cloud-init[886]: Generating public/private ecdsa key pair.[0;32m  OK  [0m] Started Daily apt upgrade and clean activities.

[   18.285352] cloud-init[886]: Your identification has been saved in /etc/ssh/ssh_host_ecdsa_key.[[0;32m  OK  [0m] Reached target Timers.
[[0;32m  OK  [0m
[   18.297028] cloud-init[886]: Your public key has been saved in /etc/ssh/ssh_host_ecdsa_key.pub.] Reached target Cloud-config availability.

[   18.303958] cloud-init[886]: The key fingerprint is:[[0;32m  OK  [0m] Started Availability of block devices.
[[0;32m  OK  [0m
[   18.317389] cloud-init[886]: SHA256:o5C+OUxKrKoTfyCD2xv9iKlno95QAvgh+agMWYmPhEY root@ubuntu-bionic] Listening on LXD - unix socket.
[[0;32m  OK  [0m] 
[   18.335114] cloud-initListening on Socket activation for snappy daemon.
[[0;32m  OK  [0m] Reached target Sockets.
[886]: The key's randomart image is:
[   18.350739] cloud-init[886]: [[0;32m  OK  [0m] Reached target Basic System.
+---[ECDSA 256]---+
[   18.363381] cloud-init[886]: | E               |
[   18.368297]          Starting Pollinate to seed the pseudo random number generator...cloud-init[886]: 
         Starting Accounts Service...
|+o .             |[[0;32m  OK  [0m] Started Deferred execution scheduler.

[   18.414623] cloud-init[886]: |Bo+              |
[   18.429804] cloud-init[886]: |+X . .           |[[0;32m  OK  [0m] 
Started Regular background program processing daemon.
[   18.450854] cloud-init         Starting Login Service...
         Starting Permit User Sessions...
[886]: |*o+.o   S        |
         Starting Snap Daemon...
[   18.511641] cloud-init[886]: |O *o.. . .       |
[   18.532012] cloud-init[886]: |.%.=o .          |
[[0;32m  OK  [0m] Started irqbalance daemon.[   18.550784] 
cloud-init[886]: |+ X++=           |
[   18.571230] cloud-init[886]: |OB+=+..          |
[   18.586306] cloud-init[886]: +----[SHA256]-----+         Starting Dispatcher daemon for systemd-networkd...
         Starting System Logging Service...

         Starting LSB: Record successful boot for GRUB...
[[0;32m  OK  [0m] Started D-Bus System Message Bus.
[   18.664781] cloud-init[886]: Generating public/private ed25519 key pair.
[   18.712464] cloud-init[886]: Your identification has been saved in /etc/ssh/ssh_host_ed25519_key.
[   18.763578] cloud-init[886]: Your public key has been saved in /etc/ssh/ssh_host_ed25519_key.pub.
[   18.788421] cloud-init[886]: The key fingerprint is:
[   18.845998] cloud-init[886]: SHA256:lIY6YGeRRxLAgH/DylqowOY1PZ7aSfURu7GoX6UT2uk root@ubuntu-bionic
[   18.888114] cloud-init[886]: [[0;32m  OK  [0m] Started Login Service.
[[0;32m  OK  [0m] Started Unattended Upgrades Shutdown.
[[0;32m  OK  [0m] Started FUSE filesystem for LXC.The key's randomart image is:

         Starting LSB: automatic crash report generation...
         Starting Virtualbox guest utils...[   18.985691] 
cloud-init         Starting LXD - container startup/shutdown...[886]: 
[[0;32m  OK  [0m] Started System Logging Service.+--[ED25519 256]--+
[[0;32m  OK  [0m] Started Permit User Sessions.

         Starting Hold until boot process finishes up...[   19.101572] cloud-init[886]: |oo..++.          |
         Starting Terminate Plymouth Boot Screen...
[[0;32m  OK  [0m] Started Hold until boot process finishes up.
[[0;32m  OK  [0m] Started Terminate Plymouth Boot Screen.
[[0;32m  OK  [0m] Started Serial Getty on ttyS0.
         Starting Set console scheme...

[   19.254382] [[0;32m  OK  [0m] Started Set console scheme.
cloud-init[[0;32m  OK  [0m] Created slice system-getty.slice.
[[0;32m  OK  [0m] Started Getty on tty1.
[[886]: [0;32m  OK  [0m] Reached target Login Prompts.
         Starting Authorization Manager...|. . .o.. .       |

[   19.364343] cloud-init[886]: | .o.o.. +.       |
[   19.393142] cloud-init[886]: | ..++. o  o      |
[   19.436831] cloud-init[886]: [[0;32m  OK  [0m] Started LSB: Record successful boot for GRUB.
|.o o+. .S= .     |
[   19.517700] [[0;32m  OK  [0m] Started LSB: automatic crash report generation.
cloud-init[886]: |oo+o +. = X      |
[   19.561839] cloud-init[886]: |=o. o.oo X       |
[   19.598349] cloud-init[886]: |o.  ooo o .      |
[   19.633156] cloud-init[886]: |   ..+.. E       |
[   19.660506] cloud-init[886]: +----[SHA256]-----+
[[0;32m  OK  [0m] Started Authorization Manager.
[[0;32m  OK  [0m] Started Accounts Service.
[[0;32m  OK  [0m] Started LXD - container startup/shutdown.
[[0;32m  OK  [0m] Started Virtualbox guest utils.
[[0;32m  OK  [0m] Started Dispatcher daemon for systemd-networkd.
[[0;32m  OK  [0m] Started Snap Daemon.
         Starting Wait until snapd is fully seeded...
[[0;32m  OK  [0m] Started Pollinate to seed the pseudo random number generator.
         Starting OpenBSD Secure Shell server...
[[0;32m  OK  [0m] Started OpenBSD Secure Shell server.
[[0;32m  OK  [0m] Created slice User Slice of vagrant.
[[0;32m  OK  [0m] Started Session 1 of user vagrant.
         Starting User Manager for UID 1000...
[[0;32m  OK  [0m] Started User Manager for UID 1000.
[[0;32m  OK  [0m] Started Wait until snapd is fully seeded.

Ubuntu 18.04.6 LTS ubuntu-bionic ttyS0

ubuntu-bionic login: [   27.440543] cloud-init[1272]: Cloud-init v. 21.4-0ubuntu1~18.04.1 running 'modules:config' at Mon, 07 Feb 2022 11:36:53 +0000. Up 25.72 seconds.
ci-info: no authorized SSH keys fingerprints found for user ubuntu.
<14>Feb  7 11:36:57 cloud-init: #############################################################
<14>Feb  7 11:36:57 cloud-init: -----BEGIN SSH HOST KEY FINGERPRINTS-----
<14>Feb  7 11:36:57 cloud-init: 1024 SHA256:BKaukonhsPyINM3BO/L3zveXhIKg9KdsfrIYu9cgang root@ubuntu-bionic (DSA)
<14>Feb  7 11:36:57 cloud-init: 256 SHA256:o5C+OUxKrKoTfyCD2xv9iKlno95QAvgh+agMWYmPhEY root@ubuntu-bionic (ECDSA)
<14>Feb  7 11:36:57 cloud-init: 256 SHA256:lIY6YGeRRxLAgH/DylqowOY1PZ7aSfURu7GoX6UT2uk root@ubuntu-bionic (ED25519)
<14>Feb  7 11:36:57 cloud-init: 2048 SHA256:Jkw/EHL6g6yy/QwMnNSSilAC7bRp8jawe6TtPmVjeCA root@ubuntu-bionic (RSA)
<14>Feb  7 11:36:57 cloud-init: -----END SSH HOST KEY FINGERPRINTS-----
<14>Feb  7 11:36:57 cloud-init: #############################################################
-----BEGIN SSH HOST KEY KEYS-----
ecdsa-sha2-nistp256 AAAAE2VjZHNhLXNoYTItbmlzdHAyNTYAAAAIbmlzdHAyNTYAAABBBMGVV2M081E6LTMj2uHWqWsiMcp1/cetExFLNvMCF4QA87iV0QX+at/pBrZokBM+Gtcj6TLo0o43rZjC7mNN1bw= root@ubuntu-bionic
ssh-ed25519 AAAAC3NzaC1lZDI1NTE5AAAAINR+lmvvXtyGmcJb3PKeUtt02d+cPq61ilxlPZL4wZx2 root@ubuntu-bionic
ssh-rsa AAAAB3NzaC1yc2EAAAADAQABAAABAQDmdjKMhvXrEKJXhszmJv3AqveYQS7JDIIN+I4zC6eGOXq7GN18+Wzxi7iiK7WF22dWp6WgfHeyprehbp12RFkHqAVwr7Bds1IPiNBASuIi9I6h2mm66YRWQhR2ByKc6RMKPa74pnC/6Zx7UJwaKRXpoB6gXnworule2EKfWCoXTtFEZgykNgBBz8vJuFRiWTMaB6m5XIFt2xqJ0nACGsQIpNlRehtYG/aFpphiTf5MERY2SnM6MPvGAT19fAMV6ApwhV8+QeJhK+qSXwTHZ10V74tKh2Rscqf43vfGIMiTuZJDP4kYDDuZCRTewyZIu91tXamRorbN0aazEqL7TUzl root@ubuntu-bionic
-----END SSH HOST KEY KEYS-----
[   29.826295] cloud-init[1382]: Cloud-init v. 21.4-0ubuntu1~18.04.1 running 'modules:final' at Mon, 07 Feb 2022 11:36:56 +0000. Up 29.24 seconds.
[   29.868169] cloud-init[1382]: ci-info: no authorized SSH keys fingerprints found for user ubuntu.
[   29.885282] cloud-init[1382]: Cloud-init v. 21.4-0ubuntu1~18.04.1 finished at Mon, 07 Feb 2022 11:36:57 +0000. Datasource DataSourceNoCloud [seed=/dev/sdb][dsmode=net].  Up 29.78 seconds
[[0;32m  OK  [0m] Stopped Unattended Upgrades Shutdown.
         Stopping User Manager for UID 1000...
         Stopping Availability of block devices...
         Stopping Session 7 of user vagrant.
         Stopping Authorization Manager...
[[0;32m  OK  [0m] Stopped target Timers.
[[0;32m  OK  [0m] Stopped Daily apt upgrade and clean activities.
[[0;32m  OK  [0m] Stopped Discard unused blocks once a week.
[[0;32m  OK  [0m] Stopped Message of the Day.
[[0;32m  OK  [0m] Stopped Daily apt download activities.
[[0;32m  OK  [0m] Stopped target System Time Synchronized.
[[0;32m  OK  [0m] Stopped Ubuntu Advantage Timer for running repeated jobs.
[[0;32m  OK  [0m] Stopped Daily Cleanup of Temporary Directories.
[[0;32m  OK  [0m] Stopped target Host and Network Name Lookups.
[[0;32m  OK  [0m] Stopped target Cloud-init target.
[[0;32m  OK  [0m] Stopped Execute cloud user/final scripts.
[[0;32m  OK  [0m] Stopped Apply the settings specified in cloud-config.
[[0;32m  OK  [0m] Stopped target Cloud-config availability.
[[0;32m  OK  [0m] Stopped target Graphical Interface.
[[0;32m  OK  [0m] Stopped target Multi-User System.
         Stopping LXD - container startup/shutdown...
[[0;32m  OK  [0m] Stopped Wait until snapd is fully seeded.
         Stopping OpenBSD Secure Shell server...
         Stopping System Logging Service...
         Stopping Deferred execution scheduler...
[[0;32m  OK  [0m] Stopped target Login Prompts.
         Stopping Serial Getty on ttyS0...
         Stopping Getty on tty1...
         Stopping Ubuntu FAN network setup...
         Stopping Virtualbox guest utils...
         Stopping Regular background program processing daemon...
         Stopping LSB: Record successful boot for GRUB...
         Stopping Dispatcher daemon for systemd-networkd...
         Stopping D-Bus System Message Bus...
         Stopping FUSE filesystem for LXC...
         Stopping Docker Application Container Engine...
         Stopping LSB: automatic crash report generation...
         Stopping Accounts Service...
[[0;32m  OK  [0m] Closed Load/Save RF Kill Switch Status /dev/rfkill Watch.
[[0;32m  OK  [0m] Unmounted /var/lib/lxcfs.
[[0;32m  OK  [0m] Stopped Accounts Service.
[[0;32m  OK  [0m] Stopped Deferred execution scheduler.
[[0;32m  OK  [0m] Stopped Regular background program processing daemon.
[[0;32m  OK  [0m] Stopped Dispatcher daemon for systemd-networkd.
[[0;32m  OK  [0m] Stopped System Logging Service.
[[0;32m  OK  [0m] Stopped Serial Getty on ttyS0.
[[0;32m  OK  [0m] Stopped Getty on tty1.
[[0;32m  OK  [0m] Stopped Authorization Manager.
[[0;32m  OK  [0m] Stopped OpenBSD Secure Shell server.
[[0;32m  OK  [0m] Stopped Docker Application Container Engine.
[[0;32m  OK  [0m] Stopped User Manager for UID 1000.
[[0;32m  OK  [0m] Stopped Availability of block devices.
[[0;32m  OK  [0m] Stopped Ubuntu FAN network setup.
[[0;32m  OK  [0m] Stopped D-Bus System Message Bus.
[[0;32m  OK  [0m] Stopped FUSE filesystem for LXC.
[[0;32m  OK  [0m] Stopped Session 7 of user vagrant.
[[0;32m  OK  [0m] Removed slice User Slice of vagrant.
         Stopping Login Service...
         Stopping containerd container runtime...
[[0;32m  OK  [0m] Removed slice system-getty.slice.
         Stopping Permit User Sessions...
[[0;32m  OK  [0m] Removed slice system-serial\x2dgetty.slice.
[[0;32m  OK  [0m] Stopped Login Service.
[[0;32m  OK  [0m] Stopped containerd container runtime.
[[0;32m  OK  [0m] Stopped LXD - container startup/shutdown.
[[0;32m  OK  [0m] Stopped LSB: Record successful boot for GRUB.
[[0;32m  OK  [0m] Stopped LSB: automatic crash report generation.
[[0;32m  OK  [0m] Stopped Permit User Sessions.
[[0;32m  OK  [0m] Stopped target Remote File Systems.
         Unmounting /vagrant...
[[0;32m  OK  [0m] Stopped target User and Group Name Lookups.
[[0;32m  OK  [0m] Unmounted /vagrant.
[[0;32m  OK  [0m] Stopped target Network is Online.
[[0;32m  OK  [0m] Stopped target Network.
         Stopping Network Name Resolution...
[[0;32m  OK  [0m] Stopped target Remote File Systems (Pre).
[[0;32m  OK  [0m] Stopped Network Name Resolution.
[[0;32m  OK  [0m] Stopped Virtualbox guest utils.
[[0;32m  OK  [0m] Stopped target Basic System.
[[0;32m  OK  [0m] Stopped target Slices.
[[0;32m  OK  [0m] Removed slice User and Session Slice.
[[0;32m  OK  [0m] Stopped target Paths.
[[0;32m  OK  [0m] Stopped Trigger to poll for Ubuntu …(Only enabled on GCP LTS non-pro).
[[0;32m  OK  [0m] Stopped ACPI Events Check.
[[0;32m  OK  [0m] Stopped target Sockets.
[[0;32m  OK  [0m] Closed ACPID Listen Socket.
[[0;32m  OK  [0m] Closed Syslog Socket.
[[0;32m  OK  [0m] Closed Open-iSCSI iscsid Socket.
[[0;32m  OK  [0m] Closed Docker Socket for the API.
[[0;32m  OK  [0m] Closed Socket activation for snappy daemon.
[[0;32m  OK  [0m] Closed LXD - unix socket.
[[0;32m  OK  [0m] Closed UUID daemon activation socket.
[[0;32m  OK  [0m] Closed cloud-init hotplug hook socket.
[[0;32m  OK  [0m] Closed D-Bus System Message Bus Socket.
[[0;32m  OK  [0m] Stopped target System Initialization.
[[0;32m  OK  [0m] Stopped Commit a transient machine-id on disk.
         Stopping Update UTMP about System Boot/Shutdown...
[[0;32m  OK  [0m] Stopped Initial cloud-init job (metadata service crawler).
[[0;32m  OK  [0m] Stopped Wait for Network to be Configured.
[[0;32m  OK  [0m] Stopped target Local Encrypted Volumes.
[[0;32m  OK  [0m] Stopped Forward Password Requests to Wall Directory Watch.
[[0;32m  OK  [0m] Stopped Dispatch Password Requests to Console Directory Watch.
         Stopping Load/Save Random Seed...
         Stopping Network Service...
[[0;32m  OK  [0m] Stopped Update UTMP about System Boot/Shutdown.
[[0;32m  OK  [0m] Stopped Create Volatile Files and Directories.
[[0;32m  OK  [0m] Stopped target Local File Systems.
         Unmounting /run/user/1000...
[[0;32m  OK  [0m] Stopped Load/Save Random Seed.
[[0;32m  OK  [0m] Unmounted /run/user/1000.
[[0;32m  OK  [0m] Reached target Unmount All Filesystems.
[[0;32m  OK  [0m] Stopped target Local File Systems (Pre).
[[0;32m  OK  [0m] Stopped Create Static Device Nodes in /dev.
         Stopping Monitoring of LVM2 mirrors…ng dmeventd or progress polling...
[[0;32m  OK  [0m] Stopped target Swap.
[[0;32m  OK  [0m] Stopped Monitoring of LVM2 mirrors,…sing dmeventd or progress polling.
[[0;32m  OK  [0m] Stopped Network Service.
[[0;32m  OK  [0m] Stopped Apply Kernel Variables.
[[0;32m  OK  [0m] Stopped Load Kernel Modules.
[[0;32m  OK  [0m] Stopped target Network (Pre).
[[0;32m  OK  [0m] Stopped Initial cloud-init job (pre-networking).
[[0;32m  OK  [0m] Stopped Remount Root and Kernel File Systems.
[[0;32m  OK  [0m] Reached target Shutdown.
[[0;32m  OK  [0m] Reached target Final Step.
         Starting Power-Off...
         Stopping LVM2 metadata daemon...
[[0;32m  OK  [0m] Stopped LVM2 metadata daemon.
[  370.946441] reboot: Power down
